<?xml version="1.0" encoding="UTF-8"?>
<!-- Generated by org.testng.reporters.JUnitReportReporter -->
<testsuite skipped="0" hostname="Ankit-PC" name="runner.RunnerTestCase" tests="1" failures="0" timestamp="19 Jun 2018 07:18:24 GMT" time="35.688" errors="0">
  <testcase name="feature" time="35.688" classname="runner.RunnerTestCase"/>
</testsuite> <!-- runner.RunnerTestCase -->
